<?xml version="1.0" encoding="UTF-8"?>
<testng-results skipped="0" failed="0" total="1" passed="1">
  <reporter-output>
  </reporter-output>
  <suite name="Run Test Cukes" duration-ms="85105" started-at="2022-08-30T04:13:44Z" finished-at="2022-08-30T04:15:09Z">
    <groups>
      <group name="cucumber">
        <method signature="AbstractTestNGCucumberTests.feature(cucumber.api.testng.CucumberFeatureWrapper)[pri:0, instance:com.CucumberCraft.TestNGrunners.TestRunner@25a65b77]" name="Smoke Test on Web - feature - " class="cucumber.api.testng.AbstractTestNGCucumberTests"/>
      </group> <!-- cucumber -->
    </groups>
    <test name="Smoke Test on Web" duration-ms="85105" started-at="2022-08-30T04:13:44Z" finished-at="2022-08-30T04:15:09Z">
      <class name="com.CucumberCraft.TestNGrunners.TestRunner">
        <test-method status="PASS" signature="setUpClass()[pri:0, instance:com.CucumberCraft.TestNGrunners.TestRunner@25a65b77]" name="setUpClass" is-config="true" duration-ms="196" started-at="2022-08-30T11:13:44Z" finished-at="2022-08-30T11:13:44Z">
          <reporter-output>
          </reporter-output>
        </test-method> <!-- setUpClass -->
        <test-method status="PASS" signature="feature(cucumber.api.testng.CucumberFeatureWrapper)[pri:0, instance:com.CucumberCraft.TestNGrunners.TestRunner@25a65b77]" name="Smoke Test on Web - feature - " duration-ms="83929" started-at="2022-08-30T11:13:44Z" description="Runs Cucumber Feature" data-provider="features" finished-at="2022-08-30T11:15:08Z">
          <params>
            <param index="0">
              <value>
                <![CDATA[Export Weather Data]]>
              </value>
            </param>
          </params>
          <reporter-output>
          </reporter-output>
        </test-method> <!-- Smoke Test on Web - feature -  -->
        <test-method status="PASS" signature="tearDownClass()[pri:0, instance:com.CucumberCraft.TestNGrunners.TestRunner@25a65b77]" name="tearDownClass" is-config="true" duration-ms="92" started-at="2022-08-30T11:15:08Z" finished-at="2022-08-30T11:15:08Z">
          <reporter-output>
          </reporter-output>
        </test-method> <!-- tearDownClass -->
        <test-method status="PASS" signature="test()[pri:0, instance:com.CucumberCraft.TestNGrunners.TestRunner@25a65b77]" name="test" is-config="true" duration-ms="715" started-at="2022-08-30T11:15:08Z" finished-at="2022-08-30T11:15:09Z">
          <reporter-output>
          </reporter-output>
        </test-method> <!-- test -->
      </class> <!-- com.CucumberCraft.TestNGrunners.TestRunner -->
    </test> <!-- Smoke Test on Web -->
  </suite> <!-- Run Test Cukes -->
</testng-results>
